[02:09:52] [main/INFO] (FabricLoader/GameProvider) Loading Minecraft 1.19 with Fabric Loader 0.14.6
[02:09:53] [main/INFO] (FabricLoader) Loading 43 mods:
	- fabric 0.55.1+1.19
	- fabric-api-base 0.4.8+e62f51a357
	- fabric-api-lookup-api-v1 1.6.5+9ff28f4057
	- fabric-biome-api-v1 9.0.11+e62f51a357
	- fabric-blockrenderlayer-v1 1.1.17+9ff28f4057
	- fabric-command-api-v2 2.0.1+e62f51a357
	- fabric-content-registries-v0 3.0.15+9ff28f4057
	- fabric-convention-tags-v1 1.0.7+37622d2457
	- fabric-crash-report-info-v1 0.2.2+bd0a0d4a57
	- fabric-data-generation-api-v1 5.0.0+2a5b921057
	- fabric-dimensions-v1 2.1.26+72da3b3d57
	- fabric-entity-events-v1 1.4.15+9ff28f4057
	- fabric-events-interaction-v0 0.4.25+9ff28f4057
	- fabric-game-rule-api-v1 1.0.18+1899036157
	- fabric-gametest-api-v1 1.0.29+e62f51a357
	- fabric-item-api-v1 1.5.3+767db26e57
	- fabric-item-groups-v0 0.3.22+9ff28f4057
	- fabric-key-binding-api-v1 1.0.17+9ff28f4057
	- fabric-lifecycle-events-v1 2.0.8+21a5acaa57
	- fabric-loot-api-v2 1.0.0+9e7660c657
	- fabric-message-api-v1 1.0.0+513f4a5957
	- fabric-mining-level-api-v1 2.1.6+9ff28f4057
	- fabric-models-v0 0.3.14+9ff28f4057
	- fabric-networking-api-v1 1.0.26+7fe9740957
	- fabric-object-builder-api-v1 4.0.4+9ff28f4057
	- fabric-particles-v1 1.0.7+9ff28f4057
	- fabric-registry-sync-v0 0.9.15+92cf9a3e57
	- fabric-renderer-api-v1 1.0.7+9ff28f4057
	- fabric-renderer-indigo 0.6.5+9ff28f4057
	- fabric-rendering-data-attachment-v1 0.3.11+9ff28f4057
	- fabric-rendering-fluids-v1 3.0.4+9ff28f4057
	- fabric-rendering-v1 1.10.13+9ff28f4057
	- fabric-resource-conditions-api-v1 2.0.8+e62f51a357
	- fabric-resource-loader-v0 0.5.2+9e7660c657
	- fabric-screen-api-v1 1.0.22+9ff28f4057
	- fabric-screen-handler-api-v1 1.2.5+9ff28f4057
	- fabric-textures-v0 1.0.17+9ff28f4057
	- fabric-transfer-api-v1 2.0.7+e62f51a357
	- fabric-transitive-access-wideners-v1 1.1.0+9e7660c657
	- fabricloader 0.14.6
	- friendlybees 0.0.1-1.19
	- java 17
	- minecraft 1.19
[02:09:53] [main/INFO] (FabricLoader/Mixin) SpongePowered MIXIN Subsystem Version=0.8.5 Source=file:/C:/Users/Sam/.gradle/caches/modules-2/files-2.1/net.fabricmc/sponge-mixin/0.11.4+mixin.0.8.5/c1dc27696aa4006e492c2485c9ccbcb26045a971/sponge-mixin-0.11.4+mixin.0.8.5.jar Service=Knot/Fabric Env=CLIENT
[02:09:53] [main/INFO] (FabricLoader/Mixin) Loaded Fabric development mappings for mixin remapper!
[02:09:53] [main/INFO] (FabricLoader/Mixin) Compatibility level set to JAVA_16
[02:09:53] [main/INFO] (FabricLoader/Mixin) Compatibility level set to JAVA_17
[02:09:55] [main/WARN] (FileUtil) Configuration conflict: there is more than one oshi.properties file on the classpath
[02:09:55] [main/WARN] (FileUtil) Configuration conflict: there is more than one oshi.architecture.properties file on the classpath
[02:09:59] [main/INFO] (Minecraft) Building optimized datafixer
[02:10:04] [Render thread/INFO] (Minecraft) Environment: authHost='https://authserver.mojang.com', accountsHost='https://api.mojang.com', sessionHost='https://sessionserver.mojang.com', servicesHost='https://api.minecraftservices.com', name='PROD'
[02:10:05] [Render thread/ERROR] (Minecraft) Failed to verify authentication
com.mojang.authlib.exceptions.InvalidCredentialsException: Status: 401
	at com.mojang.authlib.exceptions.MinecraftClientHttpException.toAuthenticationException(MinecraftClientHttpException.java:56) ~[authlib-3.5.41.jar:?]
	at com.mojang.authlib.yggdrasil.YggdrasilUserApiService.fetchProperties(YggdrasilUserApiService.java:140) ~[authlib-3.5.41.jar:?]
	at com.mojang.authlib.yggdrasil.YggdrasilUserApiService.<init>(YggdrasilUserApiService.java:47) ~[authlib-3.5.41.jar:?]
	at com.mojang.authlib.yggdrasil.YggdrasilAuthenticationService.createUserApiService(YggdrasilAuthenticationService.java:158) ~[authlib-3.5.41.jar:?]
	at net.minecraft.client.MinecraftClient.createUserApiService(MinecraftClient.java:673) [minecraft-project-@-merged-named.jar:?]
	at net.minecraft.client.MinecraftClient.<init>(MinecraftClient.java:489) [minecraft-project-@-merged-named.jar:?]
	at net.minecraft.client.main.Main.main(Main.java:179) [minecraft-project-@-merged-named.jar:?]
	at net.fabricmc.loader.impl.game.minecraft.MinecraftGameProvider.launch(MinecraftGameProvider.java:460) [fabric-loader-0.14.6.jar:?]
	at net.fabricmc.loader.impl.launch.knot.Knot.launch(Knot.java:74) [fabric-loader-0.14.6.jar:?]
	at net.fabricmc.loader.impl.launch.knot.KnotClient.main(KnotClient.java:23) [fabric-loader-0.14.6.jar:?]
	at net.fabricmc.devlaunchinjector.Main.main(Main.java:86) [dev-launch-injector-0.2.1+build.8.jar:?]
Caused by: com.mojang.authlib.exceptions.MinecraftClientHttpException: Status: 401
	at com.mojang.authlib.minecraft.client.MinecraftClient.readInputStream(MinecraftClient.java:85) ~[authlib-3.5.41.jar:?]
	at com.mojang.authlib.minecraft.client.MinecraftClient.get(MinecraftClient.java:48) ~[authlib-3.5.41.jar:?]
	at com.mojang.authlib.yggdrasil.YggdrasilUserApiService.fetchProperties(YggdrasilUserApiService.java:121) ~[authlib-3.5.41.jar:?]
	... 9 more
[02:10:05] [Render thread/INFO] (Minecraft) Setting user: Player202
[02:10:05] [Render thread/INFO] (Indigo) [Indigo] Registering Indigo renderer!
[02:10:06] [Render thread/INFO] (Minecraft) Backend library: LWJGL version 3.3.1 SNAPSHOT
[02:10:11] [Render thread/INFO] (Minecraft) Narrator library for x64 successfully loaded
[02:10:12] [Worker-Main-6/ERROR] (Minecraft) Failed to retrieve profile key pair
java.io.IOException: Could not retrieve profile key pair
	at net.minecraft.client.util.ProfileKeys.fetchKeyPair(ProfileKeys.java:165) ~[minecraft-project-@-merged-named.jar:?]
	at net.minecraft.client.util.ProfileKeys.method_44291(ProfileKeys.java:68) ~[minecraft-project-@-merged-named.jar:?]
	at java.util.concurrent.CompletableFuture$AsyncSupply.run(CompletableFuture.java:1768) [?:?]
	at java.util.concurrent.CompletableFuture$AsyncSupply.exec(CompletableFuture.java:1760) [?:?]
	at java.util.concurrent.ForkJoinTask.doExec(ForkJoinTask.java:373) [?:?]
	at java.util.concurrent.ForkJoinPool$WorkQueue.topLevelExec(ForkJoinPool.java:1182) [?:?]
	at java.util.concurrent.ForkJoinPool.scan(ForkJoinPool.java:1655) [?:?]
	at java.util.concurrent.ForkJoinPool.runWorker(ForkJoinPool.java:1622) [?:?]
	at java.util.concurrent.ForkJoinWorkerThread.run(ForkJoinWorkerThread.java:165) [?:?]
[02:10:12] [Render thread/INFO] (Minecraft) Reloading ResourceManager: Default, Fabric Mods (Fabric Transfer API (v1), Fabric Rendering (v1), Fabric Networking API (v1), Friendly Bees, Fabric Particles (v1), Fabric Rendering Fluids (v1), Fabric Game Rule API (v1), Fabric Textures (v0), Fabric Data Generation API (v1), Fabric Resource Loader (v0), Fabric Crash Report Info (v1), Fabric Renderer API (v1), Fabric Rendering Data Attachment (v1), Fabric Object Builder API (v1), Fabric Key Binding API (v1), Fabric Biome API (v1), Fabric Convention Tags, Fabric Models (v0), Fabric Resource Conditions API (v1), Fabric Transitive Access Wideners (v1), Fabric BlockRenderLayer Registration (v1), Fabric API Lookup API (v1), Fabric Game Test API (v1), Fabric API Base, Fabric Lifecycle Events (v1), Fabric API, Fabric Message API (v1), Fabric Entity Events (v1), Fabric Loot API (v2), Fabric Command API (v2), Fabric Content Registries (v0), Fabric Loader, Fabric Dimensions API (v1), Fabric Screen Handler API (v1), Fabric Renderer - Indigo, Fabric Item API (v1), Fabric Registry Sync (v0), Fabric Item Groups (v0), Fabric Screen API (v1), Fabric Mining Level API (v1), Fabric Events Interaction (v0))
[02:10:12] [Render thread/INFO] (friendlybees) This line is printed by an example mod mixin!
[02:10:13] [Realms Notification Availability checker #1/INFO] (Minecraft) Could not authorize you against Realms server: Invalid session id
[02:10:14] [Render thread/WARN] (Minecraft) Missing sound for event: minecraft:item.goat_horn.play
[02:10:14] [Render thread/WARN] (Minecraft) Missing sound for event: minecraft:entity.goat.screaming.horn_break
[02:10:15] [Render thread/INFO] (Minecraft) OpenAL initialized on device OpenAL Soft on System (2- TC-Helicon GoXLR Mini)
[02:10:15] [Render thread/INFO] (Minecraft) Sound engine started
[02:10:15] [Render thread/INFO] (Minecraft) Created: 1024x1024x4 minecraft:textures/atlas/blocks.png-atlas
[02:10:15] [Render thread/INFO] (Minecraft) Created: 256x128x4 minecraft:textures/atlas/signs.png-atlas
[02:10:15] [Render thread/INFO] (Minecraft) Created: 1024x512x4 minecraft:textures/atlas/banner_patterns.png-atlas
[02:10:15] [Render thread/INFO] (Minecraft) Created: 1024x512x4 minecraft:textures/atlas/shield_patterns.png-atlas
[02:10:15] [Render thread/INFO] (Minecraft) Created: 256x256x4 minecraft:textures/atlas/chest.png-atlas
[02:10:15] [Render thread/INFO] (Minecraft) Created: 512x256x4 minecraft:textures/atlas/beds.png-atlas
[02:10:15] [Render thread/INFO] (Minecraft) Created: 512x256x4 minecraft:textures/atlas/shulker_boxes.png-atlas
[02:10:16] [Render thread/WARN] (Minecraft) Shader rendertype_entity_translucent_emissive could not find sampler named Sampler2 in the specified shader program.
[02:10:16] [Render thread/INFO] (Minecraft) Created: 512x256x0 minecraft:textures/atlas/particles.png-atlas
[02:10:16] [Render thread/INFO] (Minecraft) Created: 256x256x0 minecraft:textures/atlas/paintings.png-atlas
[02:10:16] [Render thread/INFO] (Minecraft) Created: 256x128x0 minecraft:textures/atlas/mob_effects.png-atlas
[02:10:16] [Render thread/INFO] (friendlybees) This line is printed by an example mod mixin!
[02:10:36] [Render thread/WARN] (Minecraft) Missing sound for event: minecraft:item.goat_horn.play
[02:10:36] [Render thread/WARN] (Minecraft) Missing sound for event: minecraft:entity.goat.screaming.horn_break
[02:10:37] [Render thread/INFO] (Minecraft) OpenAL initialized on device OpenAL Soft on System (2- TC-Helicon GoXLR Mini)
[02:10:37] [Render thread/INFO] (Minecraft) Sound engine started
[02:10:43] [Render thread/WARN] (Minecraft) Missing sound for event: minecraft:item.goat_horn.play
[02:10:43] [Render thread/WARN] (Minecraft) Missing sound for event: minecraft:entity.goat.screaming.horn_break
[02:10:44] [Render thread/INFO] (Minecraft) OpenAL initialized on device OpenAL Soft on System (2- TC-Helicon GoXLR Mini)
[02:10:44] [Render thread/INFO] (Minecraft) Sound engine started
[02:10:45] [Worker-Bootstrap-3/INFO] (Minecraft) 4256 Datafixer optimizations took 45790 milliseconds
[02:10:46] [Render thread/INFO] (friendlybees) This line is printed by an example mod mixin!
[02:10:48] [Render thread/INFO] (Minecraft) Stopping!
